Using pre-set license
Built from '2022.3/staging' branch; Version is '2022.3.27f1 (73effa14754f) revision 7598074'; Using compiler version '192829333'; Build Type 'Release'
OS: 'Windows 10  (10.0.19045) 64bit Professional' Language: 'ru' Physical Memory: 15628 MB
BatchMode: 1, IsHumanControllingUs: 0, StartBugReporterOnCrash: 0, Is64bit: 1, IsPro: 1

COMMAND LINE ARGUMENTS:
C:\Program Files\Unity\Hub\Editor\2022.3.27f1\Editor\Unity.exe
-adb2
-batchMode
-noUpm
-name
AssetImportWorker4
-projectPath
C:/Users/Максим/Documents/GitHub/The_best_kursovaia_ever/Game
-logFile
Logs/AssetImportWorker4.log
-srvPort
52555
Successfully changed project path to: C:/Users/Максим/Documents/GitHub/The_best_kursovaia_ever/Game
C:/Users/Максим/Documents/GitHub/The_best_kursovaia_ever/Game
[UnityMemory] Configuration Parameters - Can be set up in boot.config
    "memorysetup-bucket-allocator-granularity=16"
    "memorysetup-bucket-allocator-bucket-count=8"
    "memorysetup-bucket-allocator-block-size=33554432"
    "memorysetup-bucket-allocator-block-count=8"
    "memorysetup-main-allocator-block-size=16777216"
    "memorysetup-thread-allocator-block-size=16777216"
    "memorysetup-gfx-main-allocator-block-size=16777216"
    "memorysetup-gfx-thread-allocator-block-size=16777216"
    "memorysetup-cache-allocator-block-size=4194304"
    "memorysetup-typetree-allocator-block-size=2097152"
    "memorysetup-profiler-bucket-allocator-granularity=16"
    "memorysetup-profiler-bucket-allocator-bucket-count=8"
    "memorysetup-profiler-bucket-allocator-block-size=33554432"
    "memorysetup-profiler-bucket-allocator-block-count=8"
    "memorysetup-profiler-allocator-block-size=16777216"
    "memorysetup-profiler-editor-allocator-block-size=1048576"
    "memorysetup-temp-allocator-size-main=16777216"
    "memorysetup-job-temp-allocator-block-size=2097152"
    "memorysetup-job-temp-allocator-block-size-background=1048576"
    "memorysetup-job-temp-allocator-reduction-small-platforms=262144"
    "memorysetup-allocator-temp-initial-block-size-main=262144"
    "memorysetup-allocator-temp-initial-block-size-worker=262144"
    "memorysetup-temp-allocator-size-background-worker=32768"
    "memorysetup-temp-allocator-size-job-worker=262144"
    "memorysetup-temp-allocator-size-preload-manager=33554432"
    "memorysetup-temp-allocator-size-nav-mesh-worker=65536"
    "memorysetup-temp-allocator-size-audio-worker=65536"
    "memorysetup-temp-allocator-size-cloud-worker=32768"
    "memorysetup-temp-allocator-size-gi-baking-worker=262144"
    "memorysetup-temp-allocator-size-gfx=262144"
Player connection [85204] Host "[IP] 192.168.56.1 [Port] 0 [Flags] 2 [Guid] 3119831555 [EditorId] 3119831555 [Version] 1048832 [Id] WindowsEditor(7,DESKTOP-JBCE1NQ) [Debug] 1 [PackageName] WindowsEditor [ProjectName] Editor" joined multi-casting on [225.0.0.222:54997]...

Player connection [85204] Host "[IP] 192.168.56.1 [Port] 0 [Flags] 2 [Guid] 3119831555 [EditorId] 3119831555 [Version] 1048832 [Id] WindowsEditor(7,DESKTOP-JBCE1NQ) [Debug] 1 [PackageName] WindowsEditor [ProjectName] Editor" joined alternative multi-casting on [225.0.0.222:34997]...

[Physics::Module] Initialized MultithreadedJobDispatcher with 15 workers.
Refreshing native plugins compatible for Editor in 13.59 ms, found 4 plugins.
Preloading 0 native plugins for Editor in 0.00 ms.
Initialize engine version: 2022.3.27f1 (73effa14754f)
[Subsystems] Discovering subsystems at path C:/Program Files/Unity/Hub/Editor/2022.3.27f1/Editor/Data/Resources/UnitySubsystems
[Subsystems] Discovering subsystems at path C:/Users/Максим/Documents/GitHub/The_best_kursovaia_ever/Game/Assets
GfxDevice: creating device client; threaded=0; jobified=0
Direct3D:
    Version:  Direct3D 11.0 [level 11.1]
    Renderer: NVIDIA GeForce RTX 3050 Laptop GPU (ID=0x25a2)
    Vendor:   NVIDIA
    VRAM:     3964 MB
    Driver:   32.0.15.5585
Initialize mono
Mono path[0] = 'C:/Program Files/Unity/Hub/Editor/2022.3.27f1/Editor/Data/Managed'
Mono path[1] = 'C:/Program Files/Unity/Hub/Editor/2022.3.27f1/Editor/Data/MonoBleedingEdge/lib/mono/unityjit-win32'
Mono config path = 'C:/Program Files/Unity/Hub/Editor/2022.3.27f1/Editor/Data/MonoBleedingEdge/etc'
Using monoOptions --debugger-agent=transport=dt_socket,embedding=1,server=y,suspend=n,address=127.0.0.1:56304
Begin MonoManager ReloadAssembly
Registering precompiled unity dll's ...
Register platform support module: C:/Program Files/Unity/Hub/Editor/2022.3.27f1/Editor/Data/PlaybackEngines/WindowsStandaloneSupport/UnityEditor.WindowsStandalone.Extensions.dll
Registered in 0.006947 seconds.
- Loaded All Assemblies, in  0.274 seconds
Native extension for WindowsStandalone target not found
Mono: successfully reloaded assembly
- Finished resetting the current domain, in  0.226 seconds
Domain Reload Profiling: 499ms
	BeginReloadAssembly (85ms)
		ExecutionOrderSort (0ms)
		DisableScriptedObjects (0ms)
		BackupInstance (0ms)
		ReleaseScriptingObjects (0ms)
		CreateAndSetChildDomain (1ms)
	RebuildCommonClasses (25ms)
	RebuildNativeTypeToScriptingClass (8ms)
	initialDomainReloadingComplete (50ms)
	LoadAllAssembliesAndSetupDomain (103ms)
		LoadAssemblies (84ms)
		RebuildTransferFunctionScriptingTraits (0ms)
		AnalyzeDomain (102ms)
			TypeCache.Refresh (100ms)
				TypeCache.ScanAssembly (90ms)
			ScanForSourceGeneratedMonoScriptInfo (0ms)
			ResolveRequiredComponents (0ms)
	FinalizeReload (226ms)
		ReleaseScriptCaches (0ms)
		RebuildScriptCaches (0ms)
		SetupLoadedEditorAssemblies (179ms)
			LogAssemblyErrors (0ms)
			InitializePlatformSupportModulesInManaged (8ms)
			SetLoadedEditorAssemblies (6ms)
			RefreshPlugins (0ms)
			BeforeProcessingInitializeOnLoad (2ms)
			ProcessInitializeOnLoadAttributes (124ms)
			ProcessInitializeOnLoadMethodAttributes (40ms)
			AfterProcessingInitializeOnLoad (0ms)
			EditorAssembliesLoaded (0ms)
		ExecutionOrderSort2 (0ms)
		AwakeInstancesAfterBackupRestoration (0ms)
========================================================================
Worker process is ready to serve import requests
Begin MonoManager ReloadAssembly
- Loaded All Assemblies, in  0.586 seconds
Refreshing native plugins compatible for Editor in 4.22 ms, found 4 plugins.
Native extension for WindowsStandalone target not found
Package Manager log level set to [2]
[Package Manager] Server::EnsureServerProcessIsRunning -- launch failed, reason: Unity was launched with the -noUpm command-line argument
[Package Manager] UpmClient::Send -- Unable to send message (not connected to UPM process).
[Package Manager] Cannot connect to Unity Package Manager local server
Mono: successfully reloaded assembly
- Finished resetting the current domain, in  0.695 seconds
Domain Reload Profiling: 1278ms
	BeginReloadAssembly (118ms)
		ExecutionOrderSort (0ms)
		DisableScriptedObjects (4ms)
		BackupInstance (0ms)
		ReleaseScriptingObjects (0ms)
		CreateAndSetChildDomain (19ms)
	RebuildCommonClasses (25ms)
	RebuildNativeTypeToScriptingClass (8ms)
	initialDomainReloadingComplete (35ms)
	LoadAllAssembliesAndSetupDomain (398ms)
		LoadAssemblies (271ms)
		RebuildTransferFunctionScriptingTraits (0ms)
		AnalyzeDomain (195ms)
			TypeCache.Refresh (170ms)
				TypeCache.ScanAssembly (155ms)
			ScanForSourceGeneratedMonoScriptInfo (19ms)
			ResolveRequiredComponents (5ms)
	FinalizeReload (695ms)
		ReleaseScriptCaches (0ms)
		RebuildScriptCaches (0ms)
		SetupLoadedEditorAssemblies (571ms)
			LogAssemblyErrors (0ms)
			InitializePlatformSupportModulesInManaged (5ms)
			SetLoadedEditorAssemblies (3ms)
			RefreshPlugins (0ms)
			BeforeProcessingInitializeOnLoad (67ms)
			ProcessInitializeOnLoadAttributes (458ms)
			ProcessInitializeOnLoadMethodAttributes (31ms)
			AfterProcessingInitializeOnLoad (6ms)
			EditorAssembliesLoaded (0ms)
		ExecutionOrderSort2 (0ms)
		AwakeInstancesAfterBackupRestoration (6ms)
Launched and connected shader compiler UnityShaderCompiler.exe after 0.23 seconds
Refreshing native plugins compatible for Editor in 4.41 ms, found 4 plugins.
Preloading 0 native plugins for Editor in 0.00 ms.
Unloading 4640 Unused Serialized files (Serialized files now loaded: 0)
Unloading 72 unused Assets / (119.5 KB). Loaded Objects now: 5105.
Memory consumption went from 167.6 MB to 167.5 MB.
Total: 3.617600 ms (FindLiveObjects: 0.319500 ms CreateObjectMapping: 0.112400 ms MarkObjects: 2.999500 ms  DeleteObjects: 0.185200 ms)

AssetImportParameters requested are different than current active one (requested -> active):
  custom:container-demuxer-ogg: 62fdf1f143b41e24485cea50d1cbac27 -> 
  custom:video-decoder-ogg-theora: a1e56fd34408186e4bbccfd4996cb3dc -> 
  custom:framework-win-MediaFoundation: 216162199b28c13a410421893ffa2e32 -> 
  custom:CustomObjectIndexerAttribute: 9a22284fe3817be447336de3de66b15e -> 
  custom:container-demuxer-webm: 4f35f7cbe854078d1ac9338744f61a02 -> 
  custom:container-muxer-webm: aa71ff27fc2769a1b78a27578f13a17b -> 
  custom:video-decoder-webm-vp8: 9c59270c3fd7afecdb556c50c9e8de78 -> 
  custom:SearchIndexIgnoredProperties: e643bd26f0fe6173181afceb89e7c659 -> 
  custom:AudioImporter_EditorPlatform: d09bf68614088b80899f8185d706f6e7 -> 
  custom:video-encoder-webm-vp8: eb34c28f22e8b96e1ab97ce403110664 -> 
  custom:audio-decoder-ogg-vorbis: bf7c407c2cedff20999df2af8eb42d56 -> 
  custom:audio-encoder-webm-vorbis: bf7c407c2cedff20999df2af8eb42d56 -> 
========================================================================
Received Import Request.
  Time since last request: 103912.008183 seconds.
  path: Assets/Materials/tile_wall
  artifactKey: Guid(fa7712c0f860089439b66debcd2d8b06) Importer(815301076,1909f56bfc062723c751e8b465ee728b)
Start importing Assets/Materials/tile_wall using Guid(fa7712c0f860089439b66debcd2d8b06) Importer(815301076,1909f56bfc062723c751e8b465ee728b)  -> (artifact id: '1945ae9f45b7345d4de26f550a140f90') in 0.002727 seconds
Number of updated asset objects reloaded before import = 0
Number of asset objects unloaded after import = 0
========================================================================
Received Import Request.
  Time since last request: 0.052182 seconds.
  path: Assets/Materials/tile_wall/Tiles095_2K-JPG_AmbientOcclusion.jpg
  artifactKey: Guid(926d511602f3ce3448a5f57c8f3df181) Importer(815301076,1909f56bfc062723c751e8b465ee728b)
Start importing Assets/Materials/tile_wall/Tiles095_2K-JPG_AmbientOcclusion.jpg using Guid(926d511602f3ce3448a5f57c8f3df181) Importer(815301076,1909f56bfc062723c751e8b465ee728b)  -> (artifact id: 'd75d8c08fb8ec3593bcb2a89c3d36047') in 0.167811 seconds
Number of updated asset objects reloaded before import = 0
Number of asset objects unloaded after import = 2
========================================================================
Received Import Request.
  Time since last request: 1.647695 seconds.
  path: Assets/Materials/wood
  artifactKey: Guid(fb8b6d42794c43e4aae8e822c715cabb) Importer(815301076,1909f56bfc062723c751e8b465ee728b)
Start importing Assets/Materials/wood using Guid(fb8b6d42794c43e4aae8e822c715cabb) Importer(815301076,1909f56bfc062723c751e8b465ee728b)  -> (artifact id: 'd01e3d644cbee8398a9231d7b0a6721f') in 0.000532 seconds
Number of updated asset objects reloaded before import = 0
Number of asset objects unloaded after import = 0
========================================================================
Received Import Request.
  Time since last request: 0.039522 seconds.
  path: Assets/Materials/wood/Wood039_2K-JPG_Color.jpg
  artifactKey: Guid(6870dbcc64b4b084c841e28d30bffc19) Importer(815301076,1909f56bfc062723c751e8b465ee728b)
Start importing Assets/Materials/wood/Wood039_2K-JPG_Color.jpg using Guid(6870dbcc64b4b084c841e28d30bffc19) Importer(815301076,1909f56bfc062723c751e8b465ee728b)  -> (artifact id: '81f61d343057811148f1fd4868d15659') in 0.044320 seconds
Number of updated asset objects reloaded before import = 0
Number of asset objects unloaded after import = 2
========================================================================
Received Import Request.
  Time since last request: 1.524946 seconds.
  path: Assets/Materials/plastic
  artifactKey: Guid(c4a90740e6d8c464ca1064c2b8fe81ce) Importer(815301076,1909f56bfc062723c751e8b465ee728b)
Start importing Assets/Materials/plastic using Guid(c4a90740e6d8c464ca1064c2b8fe81ce) Importer(815301076,1909f56bfc062723c751e8b465ee728b)  -> (artifact id: '0650efc3d8bfda16d951879cb8e159d9') in 0.000557 seconds
Number of updated asset objects reloaded before import = 0
Number of asset objects unloaded after import = 0
========================================================================
Received Import Request.
  Time since last request: 0.042236 seconds.
  path: Assets/Materials/plastic/AKM_Mods_1_WPNM_AKM.001_BaseMap.png
  artifactKey: Guid(63393f8fa957676458739fbab3295407) Importer(815301076,1909f56bfc062723c751e8b465ee728b)
Start importing Assets/Materials/plastic/AKM_Mods_1_WPNM_AKM.001_BaseMap.png using Guid(63393f8fa957676458739fbab3295407) Importer(815301076,1909f56bfc062723c751e8b465ee728b)  -> (artifact id: 'a8fc17380d2d29aa310e5f337a004607') in 0.147051 seconds
Number of updated asset objects reloaded before import = 0
Number of asset objects unloaded after import = 2
========================================================================
Received Import Request.
  Time since last request: 5.696495 seconds.
  path: Assets/Materials/concrete
  artifactKey: Guid(a12b876057774d541a12f0c8c6a8f93c) Importer(815301076,1909f56bfc062723c751e8b465ee728b)
Start importing Assets/Materials/concrete using Guid(a12b876057774d541a12f0c8c6a8f93c) Importer(815301076,1909f56bfc062723c751e8b465ee728b)  -> (artifact id: '6540e9a2513310f344eba917ab103f31') in 0.021321 seconds
Number of updated asset objects reloaded before import = 0
Number of asset objects unloaded after import = 0
========================================================================
Received Import Request.
  Time since last request: 0.011780 seconds.
  path: Assets/Materials/concrete/broken_down_concrete1_Metallic.psd
  artifactKey: Guid(c99ef4f338af342418857d6c8bc40025) Importer(815301076,1909f56bfc062723c751e8b465ee728b)
Start importing Assets/Materials/concrete/broken_down_concrete1_Metallic.psd using Guid(c99ef4f338af342418857d6c8bc40025) Importer(815301076,1909f56bfc062723c751e8b465ee728b)  -> (artifact id: 'cb9180c8c32e376766ea48a417dd94e6') in 0.110140 seconds
Number of updated asset objects reloaded before import = 0
Number of asset objects unloaded after import = 2
========================================================================
Received Import Request.
  Time since last request: 9.189441 seconds.
  path: Assets/Materials/AKM/AKM_Material.mat
  artifactKey: Guid(28741f0a104706042a0693da296d1df3) Importer(815301076,1909f56bfc062723c751e8b465ee728b)
Start importing Assets/Materials/AKM/AKM_Material.mat using Guid(28741f0a104706042a0693da296d1df3) Importer(815301076,1909f56bfc062723c751e8b465ee728b)  -> (artifact id: '303b3684a0538ee18f0bd7f4f86b6067') in 0.074263 seconds
Number of updated asset objects reloaded before import = 0
Number of asset objects unloaded after import = 4
========================================================================
Received Import Request.
  Time since last request: 18.412772 seconds.
  path: Assets/Materials/AKM_Material - Copy.mat
  artifactKey: Guid(28741f0a104706042a0693da296d1df3) Importer(815301076,1909f56bfc062723c751e8b465ee728b)
Start importing Assets/Materials/AKM_Material - Copy.mat using Guid(28741f0a104706042a0693da296d1df3) Importer(815301076,1909f56bfc062723c751e8b465ee728b)  -> (artifact id: 'e21afc797a5a4653ccad7867d292c334') in 0.027635 seconds
Number of updated asset objects reloaded before import = 0
Number of asset objects unloaded after import = 4
========================================================================
Received Import Request.
  Time since last request: 123.818730 seconds.
  path: Assets/Materials/AKM_kurs.mat
  artifactKey: Guid(4125b9af87097444ab0503063c95b137) Importer(815301076,1909f56bfc062723c751e8b465ee728b)
Start importing Assets/Materials/AKM_kurs.mat using Guid(4125b9af87097444ab0503063c95b137) Importer(815301076,1909f56bfc062723c751e8b465ee728b)  -> (artifact id: 'e0a0a3b32c5b6b455b0906ea086bf85a') in 0.024747 seconds
Number of updated asset objects reloaded before import = 0
Number of asset objects unloaded after import = 1
========================================================================
Received Import Request.
  Time since last request: 17.467031 seconds.
  path: Assets/Materials/AKM_kurs/AKM/AKM_Full_Kurs_WPNM_AKM.001_AlbedoTransparency.png
  artifactKey: Guid(800ab0a7af5b28e479c2f660020e966c) Importer(815301076,1909f56bfc062723c751e8b465ee728b)
Start importing Assets/Materials/AKM_kurs/AKM/AKM_Full_Kurs_WPNM_AKM.001_AlbedoTransparency.png using Guid(800ab0a7af5b28e479c2f660020e966c) Importer(815301076,1909f56bfc062723c751e8b465ee728b)  -> (artifact id: '46e7649f2b05c357dcb3e9cca85dedf5') in 0.014755 seconds
Number of updated asset objects reloaded before import = 0
Number of asset objects unloaded after import = 2
========================================================================
Received Import Request.
  Time since last request: 0.000019 seconds.
  path: Assets/Materials/AKM_kurs/AKM/AKM_Full_Kurs_WPNM_AKM.001_Normal.png
  artifactKey: Guid(a9318311e110aef4ca8f1044282f1987) Importer(815301076,1909f56bfc062723c751e8b465ee728b)
Start importing Assets/Materials/AKM_kurs/AKM/AKM_Full_Kurs_WPNM_AKM.001_Normal.png using Guid(a9318311e110aef4ca8f1044282f1987) Importer(815301076,1909f56bfc062723c751e8b465ee728b)  -> (artifact id: '1a4765e90d96f8e8d34711fa01bda1e1') in 0.018896 seconds
Number of updated asset objects reloaded before import = 0
Number of asset objects unloaded after import = 2
========================================================================
Received Import Request.
  Time since last request: 245.885249 seconds.
  path: Assets/AKM_Full_Kurs 1.fbx
  artifactKey: Guid(b5f828c5f7feb5f4fae8afec0fa1790f) Importer(815301076,1909f56bfc062723c751e8b465ee728b)
Start importing Assets/AKM_Full_Kurs 1.fbx using Guid(b5f828c5f7feb5f4fae8afec0fa1790f) Importer(815301076,1909f56bfc062723c751e8b465ee728b)  -> (artifact id: 'b4e6f279cfbc9bd12ad87889bf01a46f') in 0.147350 seconds
Number of updated asset objects reloaded before import = 0
Number of asset objects unloaded after import = 99
========================================================================
Received Import Request.
  Time since last request: 153.149590 seconds.
  path: Assets/Materials/New Folder
  artifactKey: Guid(6d0f294aef627e14c82e88955efc8e89) Importer(815301076,1909f56bfc062723c751e8b465ee728b)
Start importing Assets/Materials/New Folder using Guid(6d0f294aef627e14c82e88955efc8e89) Importer(815301076,1909f56bfc062723c751e8b465ee728b)  -> (artifact id: 'd45f966236d556ecb03b024e9d5ddb8c') in 0.000748 seconds
Number of updated asset objects reloaded before import = 0
Number of asset objects unloaded after import = 0
========================================================================
Received Import Request.
  Time since last request: 13.084258 seconds.
  path: Assets/Materials/dovetail
  artifactKey: Guid(6d0f294aef627e14c82e88955efc8e89) Importer(815301076,1909f56bfc062723c751e8b465ee728b)
Start importing Assets/Materials/dovetail using Guid(6d0f294aef627e14c82e88955efc8e89) Importer(815301076,1909f56bfc062723c751e8b465ee728b)  -> (artifact id: 'ae667da6bfa12077b9e4281def428277') in 0.000548 seconds
Number of updated asset objects reloaded before import = 0
Number of asset objects unloaded after import = 0
========================================================================
Received Import Request.
  Time since last request: 128.223899 seconds.
  path: Assets/Materials/dovetail/AKM
  artifactKey: Guid(c066390d5ac617f47b12a6e28d6db30b) Importer(815301076,1909f56bfc062723c751e8b465ee728b)
Start importing Assets/Materials/dovetail/AKM using Guid(c066390d5ac617f47b12a6e28d6db30b) Importer(815301076,1909f56bfc062723c751e8b465ee728b)  -> (artifact id: '848e8dfa364aacddc1e8270b357f2f55') in 0.000523 seconds
Number of updated asset objects reloaded before import = 0
Number of asset objects unloaded after import = 0
========================================================================
Received Import Request.
  Time since last request: 1.378788 seconds.
  path: Assets/Materials/dovetail/AKM/AKM_Full_Kurs_WPNM_AKM.001_AlbedoTransparency.png
  artifactKey: Guid(f16bd098704b91a459fc210b756a2ba5) Importer(815301076,1909f56bfc062723c751e8b465ee728b)
Start importing Assets/Materials/dovetail/AKM/AKM_Full_Kurs_WPNM_AKM.001_AlbedoTransparency.png using Guid(f16bd098704b91a459fc210b756a2ba5) Importer(815301076,1909f56bfc062723c751e8b465ee728b)  -> (artifact id: 'ab525bd53f99f62e8cb522c8e83293af') in 0.028185 seconds
Number of updated asset objects reloaded before import = 0
Number of asset objects unloaded after import = 2
========================================================================
Received Import Request.
  Time since last request: 52.191722 seconds.
  path: Assets/Materials/dovetail/AKM_Mods_Last_Hvost_DefaultMaterial_BaseMap.png
  artifactKey: Guid(4800aa7e58320ba4f92ed69b2721c10d) Importer(815301076,1909f56bfc062723c751e8b465ee728b)
Start importing Assets/Materials/dovetail/AKM_Mods_Last_Hvost_DefaultMaterial_BaseMap.png using Guid(4800aa7e58320ba4f92ed69b2721c10d) Importer(815301076,1909f56bfc062723c751e8b465ee728b)  -> (artifact id: '0338f1cb349c8ab7ece5e34aedb832d0') in 0.024437 seconds
Number of updated asset objects reloaded before import = 0
Number of asset objects unloaded after import = 2
========================================================================
Received Import Request.
  Time since last request: 0.000024 seconds.
  path: Assets/Materials/dovetail/AKM_Mods_Last_Hvost_DefaultMaterial_Normal.png
  artifactKey: Guid(721daae495debcb44be57e12184a947a) Importer(815301076,1909f56bfc062723c751e8b465ee728b)
Start importing Assets/Materials/dovetail/AKM_Mods_Last_Hvost_DefaultMaterial_Normal.png using Guid(721daae495debcb44be57e12184a947a) Importer(815301076,1909f56bfc062723c751e8b465ee728b)  -> (artifact id: '378c3db55703bb50e65ab96d31c59788') in 0.014157 seconds
Number of updated asset objects reloaded before import = 0
Number of asset objects unloaded after import = 2
========================================================================
Received Import Request.
  Time since last request: 1.311657 seconds.
  path: Assets/Materials/AKM_kurs.mat
  artifactKey: Guid(4125b9af87097444ab0503063c95b137) Importer(815301076,1909f56bfc062723c751e8b465ee728b)
Start importing Assets/Materials/AKM_kurs.mat using Guid(4125b9af87097444ab0503063c95b137) Importer(815301076,1909f56bfc062723c751e8b465ee728b)  -> (artifact id: '8d83063a88186b636e7d6fe44b49893d') in 0.023726 seconds
Number of updated asset objects reloaded before import = 0
Number of asset objects unloaded after import = 4
========================================================================
Received Import Request.
  Time since last request: 10.935766 seconds.
  path: Assets/Materials/dovetail.mat
  artifactKey: Guid(994cb212c4bbb074aa3d9f51d9553aa3) Importer(815301076,1909f56bfc062723c751e8b465ee728b)
Start importing Assets/Materials/dovetail.mat using Guid(994cb212c4bbb074aa3d9f51d9553aa3) Importer(815301076,1909f56bfc062723c751e8b465ee728b)  -> (artifact id: '96063e34ab5ef11b523f79ac40d65eff') in 0.019397 seconds
Number of updated asset objects reloaded before import = 0
Number of asset objects unloaded after import = 1
========================================================================
Received Import Request.
  Time since last request: 20.778027 seconds.
  path: Assets/AKM_Mods_Last_Hvost.fbx
  artifactKey: Guid(2b9894a542ff2674c8d38ecdf5526977) Importer(815301076,1909f56bfc062723c751e8b465ee728b)
Start importing Assets/AKM_Mods_Last_Hvost.fbx using Guid(2b9894a542ff2674c8d38ecdf5526977) Importer(815301076,1909f56bfc062723c751e8b465ee728b)  -> (artifact id: 'ea5f13adc759da8c0a06db058076527e') in 0.016939 seconds
Number of updated asset objects reloaded before import = 0
Number of asset objects unloaded after import = 7
========================================================================
Received Import Request.
  Time since last request: 217.916684 seconds.
  path: Assets/Sprites/Pinup_Poster.jpg
  artifactKey: Guid(7666a9be479f12c419a0b56bd1fa3434) Importer(815301076,1909f56bfc062723c751e8b465ee728b)
Start importing Assets/Sprites/Pinup_Poster.jpg using Guid(7666a9be479f12c419a0b56bd1fa3434) Importer(815301076,1909f56bfc062723c751e8b465ee728b)  -> (artifact id: 'd995ac3b8930c73049c97894992033b2') in 0.017646 seconds
Number of updated asset objects reloaded before import = 0
Number of asset objects unloaded after import = 2
========================================================================
Received Import Request.
  Time since last request: 592.431989 seconds.
  path: Assets/Sprites/Pinup_Poster.jpg
  artifactKey: Guid(7666a9be479f12c419a0b56bd1fa3434) Importer(815301076,1909f56bfc062723c751e8b465ee728b)
Start importing Assets/Sprites/Pinup_Poster.jpg using Guid(7666a9be479f12c419a0b56bd1fa3434) Importer(815301076,1909f56bfc062723c751e8b465ee728b)  -> (artifact id: '8fa183a6f6c82ca8d84e44b1500879fd') in 0.024974 seconds
Number of updated asset objects reloaded before import = 0
Number of asset objects unloaded after import = 3
========================================================================
Received Import Request.
  Time since last request: 5.491703 seconds.
  path: Assets/Sprites/Pinup_Poster.jpg
  artifactKey: Guid(7666a9be479f12c419a0b56bd1fa3434) Importer(815301076,1909f56bfc062723c751e8b465ee728b)
Start importing Assets/Sprites/Pinup_Poster.jpg using Guid(7666a9be479f12c419a0b56bd1fa3434) Importer(815301076,1909f56bfc062723c751e8b465ee728b)  -> (artifact id: '2b57e0aaa2ba91e0b94fa0beafed4d04') in 0.063556 seconds
Number of updated asset objects reloaded before import = 0
Number of asset objects unloaded after import = 2
========================================================================
Received Prepare
Begin MonoManager ReloadAssembly
- Loaded All Assemblies, in  0.453 seconds
Refreshing native plugins compatible for Editor in 4.34 ms, found 4 plugins.
Native extension for WindowsStandalone target not found
[Package Manager] Server::EnsureServerProcessIsRunning -- launch failed, reason: Unity was launched with the -noUpm command-line argument
[Package Manager] UpmClient::Send -- Unable to send message (not connected to UPM process).
[Package Manager] Cannot connect to Unity Package Manager local server
Mono: successfully reloaded assembly
- Finished resetting the current domain, in  1.110 seconds
Domain Reload Profiling: 1559ms
	BeginReloadAssembly (168ms)
		ExecutionOrderSort (0ms)
		DisableScriptedObjects (11ms)
		BackupInstance (0ms)
		ReleaseScriptingObjects (0ms)
		CreateAndSetChildDomain (46ms)
	RebuildCommonClasses (27ms)
	RebuildNativeTypeToScriptingClass (9ms)
	initialDomainReloadingComplete (28ms)
	LoadAllAssembliesAndSetupDomain (216ms)
		LoadAssemblies (283ms)
		RebuildTransferFunctionScriptingTraits (0ms)
		AnalyzeDomain (13ms)
			TypeCache.Refresh (6ms)
				TypeCache.ScanAssembly (0ms)
			ScanForSourceGeneratedMonoScriptInfo (0ms)
			ResolveRequiredComponents (6ms)
	FinalizeReload (1111ms)
		ReleaseScriptCaches (0ms)
		RebuildScriptCaches (0ms)
		SetupLoadedEditorAssemblies (422ms)
			LogAssemblyErrors (0ms)
			InitializePlatformSupportModulesInManaged (6ms)
			SetLoadedEditorAssemblies (3ms)
			RefreshPlugins (0ms)
			BeforeProcessingInitializeOnLoad (75ms)
			ProcessInitializeOnLoadAttributes (300ms)
			ProcessInitializeOnLoadMethodAttributes (31ms)
			AfterProcessingInitializeOnLoad (7ms)
			EditorAssembliesLoaded (0ms)
		ExecutionOrderSort2 (0ms)
		AwakeInstancesAfterBackupRestoration (12ms)
Refreshing native plugins compatible for Editor in 4.66 ms, found 4 plugins.
Preloading 0 native plugins for Editor in 0.00 ms.
Unloading 4594 Unused Serialized files (Serialized files now loaded: 0)
Unloading 40 unused Assets / (74.6 KB). Loaded Objects now: 5161.
Memory consumption went from 161.3 MB to 161.2 MB.
Total: 3.886600 ms (FindLiveObjects: 0.435800 ms CreateObjectMapping: 0.119800 ms MarkObjects: 3.187400 ms  DeleteObjects: 0.142800 ms)

Prepare: number of updated asset objects reloaded= 0
AssetImportParameters requested are different than current active one (requested -> active):
  custom:container-demuxer-ogg: 62fdf1f143b41e24485cea50d1cbac27 -> 
  custom:video-decoder-ogg-theora: a1e56fd34408186e4bbccfd4996cb3dc -> 
  custom:framework-win-MediaFoundation: 216162199b28c13a410421893ffa2e32 -> 
  custom:CustomObjectIndexerAttribute: 9a22284fe3817be447336de3de66b15e -> 
  custom:container-demuxer-webm: 4f35f7cbe854078d1ac9338744f61a02 -> 
  custom:container-muxer-webm: aa71ff27fc2769a1b78a27578f13a17b -> 
  custom:video-decoder-webm-vp8: 9c59270c3fd7afecdb556c50c9e8de78 -> 
  custom:SearchIndexIgnoredProperties: e643bd26f0fe6173181afceb89e7c659 -> 
  custom:AudioImporter_EditorPlatform: d09bf68614088b80899f8185d706f6e7 -> 
  custom:video-encoder-webm-vp8: eb34c28f22e8b96e1ab97ce403110664 -> 
  custom:audio-decoder-ogg-vorbis: bf7c407c2cedff20999df2af8eb42d56 -> 
  custom:audio-encoder-webm-vorbis: bf7c407c2cedff20999df2af8eb42d56 -> 
========================================================================
Received Import Request.
  Time since last request: 520.835698 seconds.
  path: Assets/Materials/poster
  artifactKey: Guid(25686ee0410606d43af6d32a5735089e) Importer(815301076,1909f56bfc062723c751e8b465ee728b)
Start importing Assets/Materials/poster using Guid(25686ee0410606d43af6d32a5735089e) Importer(815301076,1909f56bfc062723c751e8b465ee728b)  -> (artifact id: 'd3b879cb6902dd07d3c79283fcbc7013') in 0.003357 seconds
Number of updated asset objects reloaded before import = 0
Number of asset objects unloaded after import = 0
========================================================================
Received Import Request.
  Time since last request: 50.667133 seconds.
  path: Assets/Materials/poster/Poster_Blank_Normal.jpg
  artifactKey: Guid(e9c381b5fd2f9544c8b8a375eaab4bb2) Importer(815301076,1909f56bfc062723c751e8b465ee728b)
Start importing Assets/Materials/poster/Poster_Blank_Normal.jpg using Guid(e9c381b5fd2f9544c8b8a375eaab4bb2) Importer(815301076,1909f56bfc062723c751e8b465ee728b)  -> (artifact id: '89471e28e13c5f43a4b4cf6269adb8e7') in 0.049601 seconds
Number of updated asset objects reloaded before import = 0
Number of asset objects unloaded after import = 2
========================================================================
Received Import Request.
  Time since last request: 23.325767 seconds.
  path: Assets/Materials/poster.mat
  artifactKey: Guid(a75c1948deb331f4390bc73e1b4149d6) Importer(815301076,1909f56bfc062723c751e8b465ee728b)
Start importing Assets/Materials/poster.mat using Guid(a75c1948deb331f4390bc73e1b4149d6) Importer(815301076,1909f56bfc062723c751e8b465ee728b)  -> (artifact id: '34375abf48853b06bd9d8e2bee448bfc') in 0.045160 seconds
Number of updated asset objects reloaded before import = 0
Number of asset objects unloaded after import = 1
========================================================================
Received Prepare
Begin MonoManager ReloadAssembly
- Loaded All Assemblies, in  0.431 seconds
Refreshing native plugins compatible for Editor in 4.21 ms, found 4 plugins.
Native extension for WindowsStandalone target not found
[Package Manager] Server::EnsureServerProcessIsRunning -- launch failed, reason: Unity was launched with the -noUpm command-line argument
[Package Manager] UpmClient::Send -- Unable to send message (not connected to UPM process).
[Package Manager] Cannot connect to Unity Package Manager local server
Mono: successfully reloaded assembly
- Finished resetting the current domain, in  0.929 seconds
Domain Reload Profiling: 1357ms
	BeginReloadAssembly (145ms)
		ExecutionOrderSort (0ms)
		DisableScriptedObjects (9ms)
		BackupInstance (0ms)
		ReleaseScriptingObjects (0ms)
		CreateAndSetChildDomain (39ms)
	RebuildCommonClasses (26ms)
	RebuildNativeTypeToScriptingClass (9ms)
	initialDomainReloadingComplete (26ms)
	LoadAllAssembliesAndSetupDomain (222ms)
		LoadAssemblies (275ms)
		RebuildTransferFunctionScriptingTraits (0ms)
		AnalyzeDomain (15ms)
			TypeCache.Refresh (7ms)
				TypeCache.ScanAssembly (0ms)
			ScanForSourceGeneratedMonoScriptInfo (0ms)
			ResolveRequiredComponents (7ms)
	FinalizeReload (929ms)
		ReleaseScriptCaches (0ms)
		RebuildScriptCaches (0ms)
		SetupLoadedEditorAssemblies (403ms)
			LogAssemblyErrors (0ms)
			InitializePlatformSupportModulesInManaged (6ms)
			SetLoadedEditorAssemblies (3ms)
			RefreshPlugins (0ms)
			BeforeProcessingInitializeOnLoad (78ms)
			ProcessInitializeOnLoadAttributes (280ms)
			ProcessInitializeOnLoadMethodAttributes (29ms)
			AfterProcessingInitializeOnLoad (7ms)
			EditorAssembliesLoaded (0ms)
		ExecutionOrderSort2 (0ms)
		AwakeInstancesAfterBackupRestoration (12ms)
Refreshing native plugins compatible for Editor in 4.83 ms, found 4 plugins.
Preloading 0 native plugins for Editor in 0.00 ms.
Unloading 4594 Unused Serialized files (Serialized files now loaded: 0)
Unloading 40 unused Assets / (74.6 KB). Loaded Objects now: 5165.
Memory consumption went from 161.3 MB to 161.2 MB.
Total: 4.324800 ms (FindLiveObjects: 0.360900 ms CreateObjectMapping: 0.180300 ms MarkObjects: 3.626400 ms  DeleteObjects: 0.156300 ms)

Prepare: number of updated asset objects reloaded= 0
AssetImportParameters requested are different than current active one (requested -> active):
  custom:container-demuxer-ogg: 62fdf1f143b41e24485cea50d1cbac27 -> 
  custom:video-decoder-ogg-theora: a1e56fd34408186e4bbccfd4996cb3dc -> 
  custom:framework-win-MediaFoundation: 216162199b28c13a410421893ffa2e32 -> 
  custom:CustomObjectIndexerAttribute: 9a22284fe3817be447336de3de66b15e -> 
  custom:container-demuxer-webm: 4f35f7cbe854078d1ac9338744f61a02 -> 
  custom:container-muxer-webm: aa71ff27fc2769a1b78a27578f13a17b -> 
  custom:video-decoder-webm-vp8: 9c59270c3fd7afecdb556c50c9e8de78 -> 
  custom:SearchIndexIgnoredProperties: e643bd26f0fe6173181afceb89e7c659 -> 
  custom:AudioImporter_EditorPlatform: d09bf68614088b80899f8185d706f6e7 -> 
  custom:video-encoder-webm-vp8: eb34c28f22e8b96e1ab97ce403110664 -> 
  custom:audio-decoder-ogg-vorbis: bf7c407c2cedff20999df2af8eb42d56 -> 
  custom:audio-encoder-webm-vorbis: bf7c407c2cedff20999df2af8eb42d56 -> 
========================================================================
Received Import Request.
  Time since last request: 307.751186 seconds.
  path: Assets/Scenes/Game.unity
  artifactKey: Guid(6f195f3720c9a2a49b38e3ff60d8f526) Importer(815301076,1909f56bfc062723c751e8b465ee728b)
Start importing Assets/Scenes/Game.unity using Guid(6f195f3720c9a2a49b38e3ff60d8f526) Importer(815301076,1909f56bfc062723c751e8b465ee728b)  -> (artifact id: 'd4e15c685dceb517543d3e9e99cc5e53') in 0.003760 seconds
Number of updated asset objects reloaded before import = 0
Number of asset objects unloaded after import = 0
========================================================================
Received Import Request.
  Time since last request: 184.883726 seconds.
  path: Assets/Materials/dovetail.mat
  artifactKey: Guid(994cb212c4bbb074aa3d9f51d9553aa3) Importer(815301076,1909f56bfc062723c751e8b465ee728b)
Start importing Assets/Materials/dovetail.mat using Guid(994cb212c4bbb074aa3d9f51d9553aa3) Importer(815301076,1909f56bfc062723c751e8b465ee728b)  -> (artifact id: '381d46a9a4fae036d5ca3f3aba81fd64') in 0.083417 seconds
Number of updated asset objects reloaded before import = 0
Number of asset objects unloaded after import = 4
========================================================================
Received Import Request.
  Time since last request: 8.198943 seconds.
  path: Assets/Materials/AKM_kurs/AKM_Full_Kurs_WPNM_AKM.001_Normal.jpg
  artifactKey: Guid(88b208b2267b51b4ebd3be783022f02b) Importer(815301076,1909f56bfc062723c751e8b465ee728b)
Start importing Assets/Materials/AKM_kurs/AKM_Full_Kurs_WPNM_AKM.001_Normal.jpg using Guid(88b208b2267b51b4ebd3be783022f02b) Importer(815301076,1909f56bfc062723c751e8b465ee728b)  -> (artifact id: '32405320124ce3a255dbccad0067fe08') in 0.020887 seconds
Number of updated asset objects reloaded before import = 0
Number of asset objects unloaded after import = 2
========================================================================
Received Import Request.
  Time since last request: 1.184410 seconds.
  path: Assets/Materials/AKM_kurs/AKM_Full_Kurs_WPNM_AKM.001_MetallicSmoothness.jpg
  artifactKey: Guid(b59afc1716fa0c6439997e2dfc76bd71) Importer(815301076,1909f56bfc062723c751e8b465ee728b)
Start importing Assets/Materials/AKM_kurs/AKM_Full_Kurs_WPNM_AKM.001_MetallicSmoothness.jpg using Guid(b59afc1716fa0c6439997e2dfc76bd71) Importer(815301076,1909f56bfc062723c751e8b465ee728b)  -> (artifact id: 'd94fc6923f9b60cbcb842d95d4990926') in 0.016580 seconds
Number of updated asset objects reloaded before import = 0
Number of asset objects unloaded after import = 2
========================================================================
Received Import Request.
  Time since last request: 1.268094 seconds.
  path: Assets/Materials/AKM_kurs/AKM_Full_Kurs_WPNM_AKM.001_AlbedoTransparency.jpg
  artifactKey: Guid(39c25145a9c72194f879ea12c7b0f35d) Importer(815301076,1909f56bfc062723c751e8b465ee728b)
Start importing Assets/Materials/AKM_kurs/AKM_Full_Kurs_WPNM_AKM.001_AlbedoTransparency.jpg using Guid(39c25145a9c72194f879ea12c7b0f35d) Importer(815301076,1909f56bfc062723c751e8b465ee728b)  -> (artifact id: 'b833646fcd4a3cabb9e3278bac00bda7') in 0.017659 seconds
Number of updated asset objects reloaded before import = 0
Number of asset objects unloaded after import = 2
========================================================================
Received Import Request.
  Time since last request: 66.176984 seconds.
  path: Assets/Materials/AKM_kurs.mat
  artifactKey: Guid(4125b9af87097444ab0503063c95b137) Importer(815301076,1909f56bfc062723c751e8b465ee728b)
Start importing Assets/Materials/AKM_kurs.mat using Guid(4125b9af87097444ab0503063c95b137) Importer(815301076,1909f56bfc062723c751e8b465ee728b)  -> (artifact id: '26aa48241112af12d1c1d25627681d59') in 0.012236 seconds
Number of updated asset objects reloaded before import = 0
Number of asset objects unloaded after import = 1
========================================================================
Received Import Request.
  Time since last request: 606.953659 seconds.
  path: Assets/Materials/poster/Poster_Blank_Normal.jpg
  artifactKey: Guid(e9c381b5fd2f9544c8b8a375eaab4bb2) Importer(815301076,1909f56bfc062723c751e8b465ee728b)
Start importing Assets/Materials/poster/Poster_Blank_Normal.jpg using Guid(e9c381b5fd2f9544c8b8a375eaab4bb2) Importer(815301076,1909f56bfc062723c751e8b465ee728b)  -> (artifact id: '9543991ad2d641f84097d6e876200a3b') in 0.025743 seconds
Number of updated asset objects reloaded before import = 0
Number of asset objects unloaded after import = 2
========================================================================
Received Import Request.
  Time since last request: 12.246518 seconds.
  path: Assets/Materials/poster/Materials
  artifactKey: Guid(e264d43317e251346adf0d176980c978) Importer(815301076,1909f56bfc062723c751e8b465ee728b)
Start importing Assets/Materials/poster/Materials using Guid(e264d43317e251346adf0d176980c978) Importer(815301076,1909f56bfc062723c751e8b465ee728b)  -> (artifact id: '7f0ee10a3fbc1300a8d1861213263e3d') in 0.000516 seconds
Number of updated asset objects reloaded before import = 0
Number of asset objects unloaded after import = 0
========================================================================
Received Import Request.
  Time since last request: 0.079724 seconds.
  path: Assets/Materials/poster/Materials/Pinup_Poster.mat
  artifactKey: Guid(6e40f63b3e838834e9c80090b6b4db2e) Importer(815301076,1909f56bfc062723c751e8b465ee728b)
Start importing Assets/Materials/poster/Materials/Pinup_Poster.mat using Guid(6e40f63b3e838834e9c80090b6b4db2e) Importer(815301076,1909f56bfc062723c751e8b465ee728b)  -> (artifact id: 'acc155a76f12edc3468fa0353649eae0') in 0.148258 seconds
Number of updated asset objects reloaded before import = 0
Number of asset objects unloaded after import = 2
========================================================================
Received Prepare
Begin MonoManager ReloadAssembly
- Loaded All Assemblies, in  0.463 seconds
Refreshing native plugins compatible for Editor in 5.21 ms, found 4 plugins.
Native extension for WindowsStandalone target not found
[Package Manager] Server::EnsureServerProcessIsRunning -- launch failed, reason: Unity was launched with the -noUpm command-line argument
[Package Manager] UpmClient::Send -- Unable to send message (not connected to UPM process).
[Package Manager] Cannot connect to Unity Package Manager local server
Mono: successfully reloaded assembly
- Finished resetting the current domain, in  0.966 seconds
Domain Reload Profiling: 1426ms
	BeginReloadAssembly (144ms)
		ExecutionOrderSort (0ms)
		DisableScriptedObjects (9ms)
		BackupInstance (0ms)
		ReleaseScriptingObjects (0ms)
		CreateAndSetChildDomain (38ms)
	RebuildCommonClasses (25ms)
	RebuildNativeTypeToScriptingClass (9ms)
	initialDomainReloadingComplete (28ms)
	LoadAllAssembliesAndSetupDomain (254ms)
		LoadAssemblies (309ms)
		RebuildTransferFunctionScriptingTraits (0ms)
		AnalyzeDomain (13ms)
			TypeCache.Refresh (6ms)
				TypeCache.ScanAssembly (0ms)
			ScanForSourceGeneratedMonoScriptInfo (0ms)
			ResolveRequiredComponents (6ms)
	FinalizeReload (966ms)
		ReleaseScriptCaches (0ms)
		RebuildScriptCaches (0ms)
		SetupLoadedEditorAssemblies (421ms)
			LogAssemblyErrors (0ms)
			InitializePlatformSupportModulesInManaged (5ms)
			SetLoadedEditorAssemblies (3ms)
			RefreshPlugins (0ms)
			BeforeProcessingInitializeOnLoad (84ms)
			ProcessInitializeOnLoadAttributes (292ms)
			ProcessInitializeOnLoadMethodAttributes (31ms)
			AfterProcessingInitializeOnLoad (7ms)
			EditorAssembliesLoaded (0ms)
		ExecutionOrderSort2 (0ms)
		AwakeInstancesAfterBackupRestoration (12ms)
Refreshing native plugins compatible for Editor in 4.46 ms, found 4 plugins.
Preloading 0 native plugins for Editor in 0.00 ms.
Unloading 4594 Unused Serialized files (Serialized files now loaded: 0)
Unloading 40 unused Assets / (98.8 KB). Loaded Objects now: 5169.
Memory consumption went from 161.6 MB to 161.5 MB.
Total: 4.328900 ms (FindLiveObjects: 0.477700 ms CreateObjectMapping: 0.241100 ms MarkObjects: 3.467300 ms  DeleteObjects: 0.142000 ms)

Prepare: number of updated asset objects reloaded= 0
AssetImportParameters requested are different than current active one (requested -> active):
  custom:container-demuxer-ogg: 62fdf1f143b41e24485cea50d1cbac27 -> 
  custom:video-decoder-ogg-theora: a1e56fd34408186e4bbccfd4996cb3dc -> 
  custom:framework-win-MediaFoundation: 216162199b28c13a410421893ffa2e32 -> 
  custom:CustomObjectIndexerAttribute: 9a22284fe3817be447336de3de66b15e -> 
  custom:container-demuxer-webm: 4f35f7cbe854078d1ac9338744f61a02 -> 
  custom:container-muxer-webm: aa71ff27fc2769a1b78a27578f13a17b -> 
  custom:video-decoder-webm-vp8: 9c59270c3fd7afecdb556c50c9e8de78 -> 
  custom:SearchIndexIgnoredProperties: e643bd26f0fe6173181afceb89e7c659 -> 
  custom:AudioImporter_EditorPlatform: d09bf68614088b80899f8185d706f6e7 -> 
  custom:video-encoder-webm-vp8: eb34c28f22e8b96e1ab97ce403110664 -> 
  custom:audio-decoder-ogg-vorbis: bf7c407c2cedff20999df2af8eb42d56 -> 
  custom:audio-encoder-webm-vorbis: bf7c407c2cedff20999df2af8eb42d56 -> 
========================================================================
Received Import Request.
  Time since last request: 395.762565 seconds.
  path: Assets/sunduk.fbx
  artifactKey: Guid(b06dffa34d182ab4481100f5bedec25d) Importer(815301076,1909f56bfc062723c751e8b465ee728b)
Start importing Assets/sunduk.fbx using Guid(b06dffa34d182ab4481100f5bedec25d) Importer(815301076,1909f56bfc062723c751e8b465ee728b)  -> (artifact id: '8842809d51bd88d0400c8a43d8e18e39') in 0.181664 seconds
Number of updated asset objects reloaded before import = 0
Number of asset objects unloaded after import = 10
========================================================================
Received Prepare
Begin MonoManager ReloadAssembly
- Loaded All Assemblies, in  0.431 seconds
Refreshing native plugins compatible for Editor in 4.26 ms, found 4 plugins.
Native extension for WindowsStandalone target not found
[Package Manager] Server::EnsureServerProcessIsRunning -- launch failed, reason: Unity was launched with the -noUpm command-line argument
[Package Manager] UpmClient::Send -- Unable to send message (not connected to UPM process).
[Package Manager] Cannot connect to Unity Package Manager local server
Mono: successfully reloaded assembly
- Finished resetting the current domain, in  0.948 seconds
Domain Reload Profiling: 1376ms
	BeginReloadAssembly (147ms)
		ExecutionOrderSort (0ms)
		DisableScriptedObjects (9ms)
		BackupInstance (0ms)
		ReleaseScriptingObjects (0ms)
		CreateAndSetChildDomain (40ms)
	RebuildCommonClasses (26ms)
	RebuildNativeTypeToScriptingClass (9ms)
	initialDomainReloadingComplete (26ms)
	LoadAllAssembliesAndSetupDomain (220ms)
		LoadAssemblies (274ms)
		RebuildTransferFunctionScriptingTraits (0ms)
		AnalyzeDomain (12ms)
			TypeCache.Refresh (5ms)
				TypeCache.ScanAssembly (0ms)
			ScanForSourceGeneratedMonoScriptInfo (0ms)
			ResolveRequiredComponents (6ms)
	FinalizeReload (949ms)
		ReleaseScriptCaches (0ms)
		RebuildScriptCaches (0ms)
		SetupLoadedEditorAssemblies (401ms)
			LogAssemblyErrors (0ms)
			InitializePlatformSupportModulesInManaged (6ms)
			SetLoadedEditorAssemblies (3ms)
			RefreshPlugins (0ms)
			BeforeProcessingInitializeOnLoad (73ms)
			ProcessInitializeOnLoadAttributes (282ms)
			ProcessInitializeOnLoadMethodAttributes (30ms)
			AfterProcessingInitializeOnLoad (7ms)
			EditorAssembliesLoaded (0ms)
		ExecutionOrderSort2 (0ms)
		AwakeInstancesAfterBackupRestoration (12ms)
Refreshing native plugins compatible for Editor in 4.48 ms, found 4 plugins.
Preloading 0 native plugins for Editor in 0.00 ms.
Unloading 4594 Unused Serialized files (Serialized files now loaded: 0)
Unloading 40 unused Assets / (74.6 KB). Loaded Objects now: 5173.
Memory consumption went from 161.5 MB to 161.5 MB.
Total: 4.235000 ms (FindLiveObjects: 0.317300 ms CreateObjectMapping: 0.135600 ms MarkObjects: 3.556700 ms  DeleteObjects: 0.224100 ms)

Prepare: number of updated asset objects reloaded= 0
AssetImportParameters requested are different than current active one (requested -> active):
  custom:container-demuxer-ogg: 62fdf1f143b41e24485cea50d1cbac27 -> 
  custom:video-decoder-ogg-theora: a1e56fd34408186e4bbccfd4996cb3dc -> 
  custom:framework-win-MediaFoundation: 216162199b28c13a410421893ffa2e32 -> 
  custom:CustomObjectIndexerAttribute: 9a22284fe3817be447336de3de66b15e -> 
  custom:container-demuxer-webm: 4f35f7cbe854078d1ac9338744f61a02 -> 
  custom:container-muxer-webm: aa71ff27fc2769a1b78a27578f13a17b -> 
  custom:video-decoder-webm-vp8: 9c59270c3fd7afecdb556c50c9e8de78 -> 
  custom:SearchIndexIgnoredProperties: e643bd26f0fe6173181afceb89e7c659 -> 
  custom:AudioImporter_EditorPlatform: d09bf68614088b80899f8185d706f6e7 -> 
  custom:video-encoder-webm-vp8: eb34c28f22e8b96e1ab97ce403110664 -> 
  custom:audio-decoder-ogg-vorbis: bf7c407c2cedff20999df2af8eb42d56 -> 
  custom:audio-encoder-webm-vorbis: bf7c407c2cedff20999df2af8eb42d56 -> 
========================================================================
Received Prepare
Begin MonoManager ReloadAssembly
- Loaded All Assemblies, in  0.413 seconds
Refreshing native plugins compatible for Editor in 4.21 ms, found 4 plugins.
Native extension for WindowsStandalone target not found
[Package Manager] Server::EnsureServerProcessIsRunning -- launch failed, reason: Unity was launched with the -noUpm command-line argument
[Package Manager] UpmClient::Send -- Unable to send message (not connected to UPM process).
[Package Manager] Cannot connect to Unity Package Manager local server
Mono: successfully reloaded assembly
- Finished resetting the current domain, in  0.932 seconds
Domain Reload Profiling: 1343ms
	BeginReloadAssembly (142ms)
		ExecutionOrderSort (0ms)
		DisableScriptedObjects (9ms)
		BackupInstance (0ms)
		ReleaseScriptingObjects (0ms)
		CreateAndSetChildDomain (36ms)
	RebuildCommonClasses (26ms)
	RebuildNativeTypeToScriptingClass (9ms)
	initialDomainReloadingComplete (26ms)
	LoadAllAssembliesAndSetupDomain (208ms)
		LoadAssemblies (262ms)
		RebuildTransferFunctionScriptingTraits (0ms)
		AnalyzeDomain (12ms)
			TypeCache.Refresh (5ms)
				TypeCache.ScanAssembly (0ms)
			ScanForSourceGeneratedMonoScriptInfo (0ms)
			ResolveRequiredComponents (6ms)
	FinalizeReload (933ms)
		ReleaseScriptCaches (0ms)
		RebuildScriptCaches (0ms)
		SetupLoadedEditorAssemblies (404ms)
			LogAssemblyErrors (0ms)
			InitializePlatformSupportModulesInManaged (6ms)
			SetLoadedEditorAssemblies (3ms)
			RefreshPlugins (0ms)
			BeforeProcessingInitializeOnLoad (71ms)
			ProcessInitializeOnLoadAttributes (285ms)
			ProcessInitializeOnLoadMethodAttributes (31ms)
			AfterProcessingInitializeOnLoad (7ms)
			EditorAssembliesLoaded (0ms)
		ExecutionOrderSort2 (0ms)
		AwakeInstancesAfterBackupRestoration (12ms)
Refreshing native plugins compatible for Editor in 4.53 ms, found 4 plugins.
Preloading 0 native plugins for Editor in 0.00 ms.
Unloading 4594 Unused Serialized files (Serialized files now loaded: 0)
Unloading 40 unused Assets / (98.9 KB). Loaded Objects now: 5177.
Memory consumption went from 161.6 MB to 161.5 MB.
Total: 4.284100 ms (FindLiveObjects: 0.478500 ms CreateObjectMapping: 0.154900 ms MarkObjects: 3.507500 ms  DeleteObjects: 0.142200 ms)

Prepare: number of updated asset objects reloaded= 0
AssetImportParameters requested are different than current active one (requested -> active):
  custom:container-demuxer-ogg: 62fdf1f143b41e24485cea50d1cbac27 -> 
  custom:video-decoder-ogg-theora: a1e56fd34408186e4bbccfd4996cb3dc -> 
  custom:framework-win-MediaFoundation: 216162199b28c13a410421893ffa2e32 -> 
  custom:CustomObjectIndexerAttribute: 9a22284fe3817be447336de3de66b15e -> 
  custom:container-demuxer-webm: 4f35f7cbe854078d1ac9338744f61a02 -> 
  custom:container-muxer-webm: aa71ff27fc2769a1b78a27578f13a17b -> 
  custom:video-decoder-webm-vp8: 9c59270c3fd7afecdb556c50c9e8de78 -> 
  custom:SearchIndexIgnoredProperties: e643bd26f0fe6173181afceb89e7c659 -> 
  custom:AudioImporter_EditorPlatform: d09bf68614088b80899f8185d706f6e7 -> 
  custom:video-encoder-webm-vp8: eb34c28f22e8b96e1ab97ce403110664 -> 
  custom:audio-decoder-ogg-vorbis: bf7c407c2cedff20999df2af8eb42d56 -> 
  custom:audio-encoder-webm-vorbis: bf7c407c2cedff20999df2af8eb42d56 -> 
